<?xml version="1.0" encoding="UTF-8"?>
<!-- Generated by org.testng.reporters.JUnitXMLReporter -->
<testsuite hostname="LAPTOP-DE0MJG79" ignored="0" name="Command line test" tests="4" failures="0" timestamp="2021-05-18T18:08:11 IST" time="0.033" errors="0">
  <testcase name="IOSApps" time="0.003" classname="qaacademy.Mavenjava.AppiumTest"/>
  <testcase name="DeleteTwitter" time="0.0" classname="qaacademy.Mavenjava.RESTAPITest"/>
  <testcase name="PostJira" time="0.0" classname="qaacademy.Mavenjava.RESTAPITest"/>
  <testcase name="ElementsUI" time="0.0" classname="qaacademy.Mavenjava.SeleniumTest"/>
</testsuite> <!-- Command line test -->
