<?xml version="1.0" encoding="UTF-8"?>
<!-- Generated by org.testng.reporters.JUnitXMLReporter -->
<testsuite hostname="LAPTOP-DE0MJG79" ignored="0" name="Test" tests="4" failures="0" timestamp="2021-05-18T18:09:44 IST" time="0.039" errors="0">
  <testcase name="DeleteTwitter" time="0.003" classname="qaacademy.Mavenjava.RESTAPITest"/>
  <testcase name="PostJira" time="0.0" classname="qaacademy.Mavenjava.RESTAPITest"/>
  <testcase name="BrowserAutomation" time="0.001" classname="qaacademy.Mavenjava.SeleniumTest"/>
  <testcase name="ElementsUI" time="0.0" classname="qaacademy.Mavenjava.SeleniumTest"/>
</testsuite> <!-- Test -->
