<?xml version="1.0" encoding="UTF-8"?>
<testng-results skipped="0" failed="0" ignored="0" total="4" passed="4">
  <reporter-output>
  </reporter-output>
  <suite name="Suite" duration-ms="39" started-at="2021-05-18T18:09:44 IST" finished-at="2021-05-18T18:09:44 IST">
    <groups>
    </groups>
    <test name="Test" duration-ms="39" started-at="2021-05-18T18:09:44 IST" finished-at="2021-05-18T18:09:44 IST">
      <class name="qaacademy.Mavenjava.SeleniumTest">
        <test-method status="PASS" signature="BrowserAutomation()[pri:0, instance:qaacademy.Mavenjava.SeleniumTest@887af79]" name="BrowserAutomation" duration-ms="1" started-at="2021-05-18T18:09:44 IST" finished-at="2021-05-18T18:09:44 IST">
          <reporter-output>
          </reporter-output>
        </test-method> <!-- BrowserAutomation -->
        <test-method status="PASS" signature="ElementsUI()[pri:0, instance:qaacademy.Mavenjava.SeleniumTest@887af79]" name="ElementsUI" duration-ms="0" started-at="2021-05-18T18:09:44 IST" finished-at="2021-05-18T18:09:44 IST">
          <reporter-output>
          </reporter-output>
        </test-method> <!-- ElementsUI -->
      </class> <!-- qaacademy.Mavenjava.SeleniumTest -->
      <class name="qaacademy.Mavenjava.RESTAPITest">
        <test-method status="PASS" signature="DeleteTwitter()[pri:0, instance:qaacademy.Mavenjava.RESTAPITest@731a74c]" name="DeleteTwitter" duration-ms="3" started-at="2021-05-18T18:09:44 IST" finished-at="2021-05-18T18:09:44 IST">
          <reporter-output>
          </reporter-output>
        </test-method> <!-- DeleteTwitter -->
        <test-method status="PASS" signature="PostJira()[pri:0, instance:qaacademy.Mavenjava.RESTAPITest@731a74c]" name="PostJira" duration-ms="0" started-at="2021-05-18T18:09:44 IST" finished-at="2021-05-18T18:09:44 IST">
          <reporter-output>
          </reporter-output>
        </test-method> <!-- PostJira -->
      </class> <!-- qaacademy.Mavenjava.RESTAPITest -->
    </test> <!-- Test -->
  </suite> <!-- Suite -->
</testng-results>
